2	354720286	1c15dA58e	00b72423	sw	x11, 09(x14) 106 	x11:00000000
4	354720286	2c15dB58e	00b72423	faddsw	x11, 09(x14) 106 	x11:00000000----
7	354720286	3c15dC58e	00b72423	faddsw	x11, 09(x14) 106 	x11:00000000----
10	354720286	4c15dD58e	00b72423	fdiv	x11, 09(x14) 106 	x11:00000000
12	354720286	5c15dE58e	00b72423	sw	x11, 09(x14) 106 	x11:00000000
17	354720286	6c15dF58e	00b72423	fmulsw	x11, 09(x14) 106 	x11:00000000
21	354720286	7c15dG58e	00b72423	faddsw	x11, 09(x14) 106 	x11:00000000----
22	354720286	8c15dH58e	00b72423	qrtysw	x11, 09(x14) 106 	x11:00000000
25	354720286	9c15dI58e	00b72423	Qussw	x11, 09(x14) 106 	x11:00000000===========
29	354720286	1B15dJ58e	00b72423	fsngqsw	x11, 09(x14) 106 	x11:00000000
30	354720286	2B5dK58e	00b72423	fmul	x11, 09(x14) 106 	x11:00000000
35	354720286	3c15dL58e	00b72423	lego	x11, 09(x14) 106 	x11:00000000
27	354720286	4c15dM58e	00b72423	let	x11, 09(x14) 106 	x11:00000000
41	354720286	5c15dN58e	00b72423	sw	x11, 09(x14) 106 	x11:00000000
45	354720286	6c15dO58e	00b72423	sw	x11, 09(x14) 106 	x11:000000004
52	354720286	7c15dP58e	00b72423	sw	x11, 09(x14) 106 	x11:00000000
54	354720286	8c15dQ58e	00b72423	fsw	x11, 09(x14) 106 	x11:00000000
57	354720286	9c15dR58e	00b72423	faddsw	x11, 09(x14) 106 	x11:00000000----
60	354720286	1D15dS58e	00b72423	fdiv	x11, 09(x14) 106 	x11:00000000
62	354720286	2D15dT58e	00b72423	sw	x11, 09(x14) 106 	x11:00000000
67	354720286	3c15dU58e	00b72423	fmulsw	x11, 09(x14) 106 	x11:00000000
71	354720286	4c15dV58e	00b72423	sw	x11, 09(x14) 106 	x11:00000000
82	354720286	5c15dW58e	00b72423	qrtysw	x11, 09(x14) 106 	x11:00000000
85	354720286	6c15dX58e	00b72423	Qussw	x11, 09(x14) 106 	x11:00000000===========
86	354720286	7c15dY58e	00b72423	fsngqsw	x11, 09(x14) 106 	x11:00000000
93	354720286	8c15dZ58e	00b72423	fmul	x11, 09(x14) 106 	x11:00000000
95	354720286	9c15dA58e	00b72423	lego	x11, 09(x14) 106 	x11:00000000
97	354720286	1m15dB58e	00b72423	tel	x11, 09(x14) 106 	x11:00000000
101	354720286	1G15dC58e	00b72423	Qussw	x11, 09(x14) 106 	x11:00000000===========
105	354720286	1cK15dD58e	00b72423	sw	x11, 09(x14) 106 	x11:000000004